<?xml version="1.0" encoding="UTF-8"?>
<testng-results ignored="0" total="8" passed="8" failed="0" skipped="0">
  <reporter-output>
  </reporter-output>
  <suite started-at="2022-08-03T20:32:20 IST" name="Default suite" finished-at="2022-08-03T20:35:49 IST" duration-ms="208986">
    <groups>
      <group name="cucumber">
        <method signature="AbstractTestNGCucumberTests.runScenario(io.cucumber.testng.PickleWrapper,io.cucumber.testng.FeatureWrapper)[pri:0, instance:runner.ParallelRun@1c7696c6]" name="runScenario" class="io.cucumber.testng.AbstractTestNGCucumberTests"/>
      </group> <!-- cucumber -->
    </groups>
    <test started-at="2022-08-03T20:32:20 IST" name="Default test" finished-at="2022-08-03T20:35:49 IST" duration-ms="208986">
      <class name="runner.ParallelRun">
        <test-method is-config="true" signature="setUpClass(org.testng.ITestContext)[pri:0, instance:runner.ParallelRun@1c7696c6]" started-at="2022-08-03T20:32:20 IST" name="setUpClass" finished-at="2022-08-03T20:32:22 IST" duration-ms="1188" status="PASS">
          <params>
            <param index="0">
              <value>
                <![CDATA[org.testng.TestRunner@38eb0f4d]]>
              </value>
            </param>
          </params>
          <reporter-output>
          </reporter-output>
        </test-method> <!-- setUpClass -->
        <test-method signature="runScenario(io.cucumber.testng.PickleWrapper,io.cucumber.testng.FeatureWrapper)[pri:0, instance:runner.ParallelRun@1c7696c6]" started-at="2022-08-03T20:32:22 IST" name="runScenario" description="Runs Cucumber Scenarios" data-provider="scenarios" finished-at="2022-08-03T20:33:01 IST" duration-ms="39898" status="PASS">
          <params>
            <param index="0">
              <value>
                <![CDATA["Validate the Newsroom Hyperlink in local nav is clicked and redirects to Newsroom Uzh-CN landing page."]]>
              </value>
            </param>
            <param index="1">
              <value>
                <![CDATA["Optional[ChinaNewsroomPage]"]]>
              </value>
            </param>
          </params>
          <reporter-output>
          </reporter-output>
        </test-method> <!-- runScenario -->
        <test-method signature="runScenario(io.cucumber.testng.PickleWrapper,io.cucumber.testng.FeatureWrapper)[pri:0, instance:runner.ParallelRun@1c7696c6]" started-at="2022-08-03T20:32:22 IST" name="runScenario" description="Runs Cucumber Scenarios" data-provider="scenarios" finished-at="2022-08-03T20:33:10 IST" duration-ms="48556" status="PASS">
          <params>
            <param index="0">
              <value>
                <![CDATA["validate the functionality of the Popular Topic section on the Local Nav of  Newsroom Uzh-CN landing page."]]>
              </value>
            </param>
            <param index="1">
              <value>
                <![CDATA["Optional[ChinaNewsroomPage]"]]>
              </value>
            </param>
          </params>
          <reporter-output>
          </reporter-output>
        </test-method> <!-- runScenario -->
        <test-method signature="runScenario(io.cucumber.testng.PickleWrapper,io.cucumber.testng.FeatureWrapper)[pri:0, instance:runner.ParallelRun@1c7696c6]" started-at="2022-08-03T20:32:22 IST" name="runScenario" description="Runs Cucumber Scenarios" data-provider="scenarios" finished-at="2022-08-03T20:33:02 IST" duration-ms="40357" status="PASS">
          <params>
            <param index="0">
              <value>
                <![CDATA["Verify the newsroom search and popular topics field are displayed in the Local Nav of Newsroom zh-CN  landing page."]]>
              </value>
            </param>
            <param index="1">
              <value>
                <![CDATA["Optional[ChinaNewsroomPage]"]]>
              </value>
            </param>
          </params>
          <reporter-output>
          </reporter-output>
        </test-method> <!-- runScenario -->
        <test-method signature="runScenario(io.cucumber.testng.PickleWrapper,io.cucumber.testng.FeatureWrapper)[pri:0, instance:runner.ParallelRun@1c7696c6]" started-at="2022-08-03T20:32:22 IST" name="runScenario" description="Runs Cucumber Scenarios" data-provider="scenarios" finished-at="2022-08-03T20:33:10 IST" duration-ms="48852" status="PASS">
          <params>
            <param index="0">
              <value>
                <![CDATA["validate the functionality of the Newsroom search  on the Local Nav of  Newsroom Uzh-CN landing page."]]>
              </value>
            </param>
            <param index="1">
              <value>
                <![CDATA["Optional[ChinaNewsroomPage]"]]>
              </value>
            </param>
          </params>
          <reporter-output>
          </reporter-output>
        </test-method> <!-- runScenario -->
        <test-method signature="runScenario(io.cucumber.testng.PickleWrapper,io.cucumber.testng.FeatureWrapper)[pri:0, instance:runner.ParallelRun@1c7696c6]" started-at="2022-08-03T20:32:22 IST" name="runScenario" description="Runs Cucumber Scenarios" data-provider="scenarios" finished-at="2022-08-03T20:33:00 IST" duration-ms="38230" status="PASS">
          <params>
            <param index="0">
              <value>
                <![CDATA["Validate the Newsroom Hyperlink is displayed beside Newsroom search field on the Local Nav of Newsroom Uzh-CN landing page."]]>
              </value>
            </param>
            <param index="1">
              <value>
                <![CDATA["Optional[ChinaNewsroomPage]"]]>
              </value>
            </param>
          </params>
          <reporter-output>
          </reporter-output>
        </test-method> <!-- runScenario -->
        <test-method signature="runScenario(io.cucumber.testng.PickleWrapper,io.cucumber.testng.FeatureWrapper)[pri:0, instance:runner.ParallelRun@1c7696c6]" started-at="2022-08-03T20:32:22 IST" name="runScenario" description="Runs Cucumber Scenarios" data-provider="scenarios" finished-at="2022-08-03T20:35:47 IST" duration-ms="205374" status="PASS">
          <params>
            <param index="0">
              <value>
                <![CDATA["Validate the popular Topics is displayed beside the Newsroom search field n the Local Nav of Newsroom Uzh-CN landing page."]]>
              </value>
            </param>
            <param index="1">
              <value>
                <![CDATA["Optional[ChinaNewsroomPage]"]]>
              </value>
            </param>
          </params>
          <reporter-output>
          </reporter-output>
        </test-method> <!-- runScenario -->
        <test-method signature="runScenario(io.cucumber.testng.PickleWrapper,io.cucumber.testng.FeatureWrapper)[pri:0, instance:runner.ParallelRun@1c7696c6]" started-at="2022-08-03T20:32:22 IST" name="runScenario" description="Runs Cucumber Scenarios" data-provider="scenarios" finished-at="2022-08-03T20:33:03 IST" duration-ms="41438" status="PASS">
          <params>
            <param index="0">
              <value>
                <![CDATA["validate the functionality of the View archives button on the Newsroom zh-CN landing page"]]>
              </value>
            </param>
            <param index="1">
              <value>
                <![CDATA["Optional[ChinaNewsroomPage]"]]>
              </value>
            </param>
          </params>
          <reporter-output>
          </reporter-output>
        </test-method> <!-- runScenario -->
        <test-method signature="runScenario(io.cucumber.testng.PickleWrapper,io.cucumber.testng.FeatureWrapper)[pri:0, instance:runner.ParallelRun@1c7696c6]" started-at="2022-08-03T20:32:22 IST" name="runScenario" description="Runs Cucumber Scenarios" data-provider="scenarios" finished-at="2022-08-03T20:32:56 IST" duration-ms="34106" status="PASS">
          <params>
            <param index="0">
              <value>
                <![CDATA["Verify the View archives button  is displayed at the bottom of the Newsroom zh-CN landing page."]]>
              </value>
            </param>
            <param index="1">
              <value>
                <![CDATA["Optional[ChinaNewsroomPage]"]]>
              </value>
            </param>
          </params>
          <reporter-output>
          </reporter-output>
        </test-method> <!-- runScenario -->
        <test-method is-config="true" signature="tearDownClass()[pri:0, instance:runner.ParallelRun@1c7696c6]" started-at="2022-08-03T20:35:47 IST" name="tearDownClass" finished-at="2022-08-03T20:35:49 IST" duration-ms="2371" status="PASS">
          <reporter-output>
          </reporter-output>
        </test-method> <!-- tearDownClass -->
      </class> <!-- runner.ParallelRun -->
    </test> <!-- Default test -->
  </suite> <!-- Default suite -->
</testng-results>
